<?xml version="1.0" encoding="UTF-8" ?>
<testsuite tests="1" failures="1" name="sd.AppTest" time="0.011" errors="0" skipped="0">
  <properties>
[...]
</properties>
  <testcase classname="sd.AppTest" name="testAdder" time="0.011">
    <failure type="junit.framework.AssertionFailedError">junit.framework.AssertionFailedError
	at junit.framework.Assert.fail(Assert.java:47)
	at junit.framework.Assert.assertTrue(Assert.java:20)
	at junit.framework.Assert.assertTrue(Assert.java:27)
	at sd.AppTest.testAdder(AppTest.java:36)
</failure>
  </testcase>
</testsuite>